Release 14.2 - ngc2edif P.28xd (nt64)
Copyright (c) 1995-2012 Xilinx, Inc.  All rights reserved.
Reading design Test.ngc ...
WARNING:NetListWriters:298 - No output is written to Test.xncf, ignored.
Processing design ...
   Preping design's networks ...
   Preping design's macros ...
  finished :Prep
Writing EDIF netlist file Test.edif ...
ngc2edif: Total memory usage is 79472 kilobytes

Release 14.2 - ngc2edif P.28xd (nt64)
Copyright (c) 1995-2012 Xilinx, Inc.  All rights reserved.
Reading design maged.ngc ...
WARNING:NetListWriters:298 - No output is written to maged.xncf, ignored.
Processing design ...
   Preping design's networks ...
   Preping design's macros ...
WARNING:NetListWriters:306 - Signal bus
   U0/xst_fifo_generator/gconvfifo.rf/grf.rf/rstblk/ngwrdrst.grst.rd_rst_reg<2 :
   0> on block maged is not reconstructed, because there are some missing bus
   signals.
  finished :Prep
Writing EDIF netlist file maged.edif ...
ngc2edif: Total memory usage is 80496 kilobytes

Release 14.2 - ngc2edif P.28xd (nt64)
Copyright (c) 1995-2012 Xilinx, Inc.  All rights reserved.
Reading design Test.ngc ...
WARNING:NetListWriters:298 - No output is written to Test.xncf, ignored.
Processing design ...
   Preping design's networks ...
   Preping design's macros ...
  finished :Prep
Writing EDIF netlist file Test.edif ...
ngc2edif: Total memory usage is 82544 kilobytes

Release 14.2 - ngc2edif P.28xd (nt64)
Copyright (c) 1995-2012 Xilinx, Inc.  All rights reserved.
Reading design maged.ngc ...
WARNING:NetListWriters:298 - No output is written to maged.xncf, ignored.
Processing design ...
   Preping design's networks ...
   Preping design's macros ...
WARNING:NetListWriters:306 - Signal bus
   U0/xst_fifo_generator/gconvfifo.rf/grf.rf/rstblk/ngwrdrst.grst.rd_rst_reg<2 :
   0> on block maged is not reconstructed, because there are some missing bus
   signals.
  finished :Prep
Writing EDIF netlist file maged.edif ...
ngc2edif: Total memory usage is 80496 kilobytes

